# Null Pointer Dereference in llama.cpp TTS Module

## Summary

A null pointer dereference vulnerability has been identified in the llama.cpp text-to-speech (TTS) module. When processing malformed model data, the application attempts to access vocabulary information through an invalid pointer, resulting in a segmentation fault (SIGSEGV).

## Detail

The vulnerability occurs when the TTS module attempts to access vocabulary information from an improperly initialized or corrupted model. The call stack indicates that the application is trying to access a llama_vocab object through an invalid pointer (0x1920), while the model pointer itself is NULL (0x0).

### Backtrace

```bash
[----------------------------------registers-----------------------------------]
RAX: 0x1920
RBX: 0x0
RCX: 0x0
RDX: 0x0
RSI: 0x0
RDI: 0x1920
RBP: 0x7fffffffc670 --> 0x7fffffffc690 --> 0x7fffffffc6b0 --> 0x7fffffffc6d0 --> 0x7fffffffc6f0 --> 0x7fffffffc910 (--> ...)
RSP: 0x7fffffffc660 --> 0x40 ('@')
RIP: 0x7ffff7e7c930 (<_ZNKSt15__uniq_ptr_implIN11llama_vocab4implESt14default_deleteIS1_EE6_M_ptrEv+28>:    mov    rax,QWORD PTR [rax])
R8 : 0x0
R9 : 0x0
R10: 0x7ffff79d2270 --> 0xe00220013e49e
R11: 0x7ffff7e4ac42 (<_ZNSt12_Vector_baseIP13llama_samplerSaIS1_EE17_Vector_impl_dataC2Ev>: endbr64)
R12: 0x0
R13: 0x5555558beb80 --> 0x7ffff7fb9d80 --> 0x7ffff7e3bee3 (<llama_sampler_chain_name(llama_sampler const*)>:    endbr64)
R14: 0x555555898f98 --> 0x5555555e1ef0 (<__do_global_dtors_aux>:    endbr64)
R15: 0x7ffff7ffd040 --> 0x7ffff7ffe2e0 --> 0x555555554000 --> 0x3010102464c457f
EFLAGS: 0x10206 (carry PARITY adjust zero sign trap INTERRUPT direction overflow)
[-------------------------------------code-------------------------------------]
   0x7ffff7e7c924 <_ZNKSt15__uniq_ptr_implIN11llama_vocab4implESt14default_deleteIS1_EE6_M_ptrEv+16>:   mov    rax,QWORD PTR [rbp-0x8]
   0x7ffff7e7c928 <_ZNKSt15__uniq_ptr_implIN11llama_vocab4implESt14default_deleteIS1_EE6_M_ptrEv+20>:   mov    rdi,rax
   0x7ffff7e7c92b <_ZNKSt15__uniq_ptr_implIN11llama_vocab4implESt14default_deleteIS1_EE6_M_ptrEv+23>:   call   0x7ffff7ca92e0 <_ZSt3getILm0EJPN11llama_vocab4implESt14default_deleteIS1_EEERKNSt13tuple_elementIXT_ESt5tupleIJDpT0_EEE4typeERKS9_@plt>
=> 0x7ffff7e7c930 <_ZNKSt15__uniq_ptr_implIN11llama_vocab4implESt14default_deleteIS1_EE6_M_ptrEv+28>:   mov    rax,QWORD PTR [rax]
   0x7ffff7e7c933 <_ZNKSt15__uniq_ptr_implIN11llama_vocab4implESt14default_deleteIS1_EE6_M_ptrEv+31>:   leave
   0x7ffff7e7c934 <_ZNKSt15__uniq_ptr_implIN11llama_vocab4implESt14default_deleteIS1_EE6_M_ptrEv+32>:   ret
   0x7ffff7e7c935:  nop
   0x7ffff7e7c936 <_ZNKSt8__detail15_Hash_code_baseISt4pairINSt7__cxx1112basic_stringIcSt11char_traitsIcESaIcEEES7_ES1_IKS8_iENS_10_Select1stEN11llama_vocab4impl9pair_hashENS_18_Mod_range_hashingENS_20_Default_ranged_hashELb1EE12_M_hash_codeERS9_>:    endbr64
[------------------------------------stack-------------------------------------]
0000| 0x7fffffffc660 --> 0x40 ('@')
0008| 0x7fffffffc668 --> 0x1920
0016| 0x7fffffffc670 --> 0x7fffffffc690 --> 0x7fffffffc6b0 --> 0x7fffffffc6d0 --> 0x7fffffffc6f0 --> 0x7fffffffc910 (--> ...)
0024| 0x7fffffffc678 --> 0x7ffff7e78042 (<_ZNKSt10unique_ptrIN11llama_vocab4implESt14default_deleteIS1_EE3getEv+28>:    leave)
0032| 0x7fffffffc680 --> 0x7fffffffd498 --> 0x0
0040| 0x7fffffffc688 --> 0x1920
0048| 0x7fffffffc690 --> 0x7fffffffc6b0 --> 0x7fffffffc6d0 --> 0x7fffffffc6f0 --> 0x7fffffffc910 --> 0x7fffffffdfd0 (--> ...)
0056| 0x7fffffffc698 --> 0x7ffff7e7386e (<_ZNKSt10unique_ptrIN11llama_vocab4implESt14default_deleteIS1_EEptEv+28>:  leave)
[------------------------------------------------------------------------------]
Legend: code, data, rodata, value
Stopped reason: SIGSEGV
std::__uniq_ptr_impl<llama_vocab::impl, std::default_delete<llama_vocab::impl> >::_M_ptr (this=0x1920) at /usr/include/c++/11/bits/unique_ptr.h:173
173       pointer    _M_ptr() const { return std::get<0>(_M_t); }
```

## **Reproduction Steps**

1. Create a malformed model file that passes initial validation but contains corrupted vocabulary data
2. Load the model using the TTS module
3. The application will attempt to access vocabulary information through an invalid pointer
4. A segmentation fault occurs when dereferencing the invalid pointer

### Impact 
This vulnerability could potentially be exploited to cause a denial of service by forcing the application to crash. While it does not appear to allow arbitrary code execution, it could be used to disrupt services that rely on the llama.cpp TTS functionality.
